2025/11/03 08:52:13 [emerg] 1#1: invalid number of arguments in "fastcgi_pass" directive in /etc/nginx/conf.d/default.conf:17
2025/11/03 09:00:15 [notice] 1#1: using the "epoll" event method
2025/11/03 09:00:15 [notice] 1#1: nginx/1.26.3
2025/11/03 09:00:15 [notice] 1#1: built by gcc 13.2.1 20240309 (Alpine 13.2.1_git20240309) 
2025/11/03 09:00:15 [notice] 1#1: OS: Linux 6.10.14-linuxkit
2025/11/03 09:00:15 [notice] 1#1: getrlimit(RLIMIT_NOFILE): 1048576:1048576
2025/11/03 09:00:15 [notice] 1#1: start worker processes
2025/11/03 09:00:15 [notice] 1#1: start worker process 29
2025/11/03 09:00:15 [notice] 1#1: start worker process 30
2025/11/03 09:00:15 [notice] 1#1: start worker process 31
2025/11/03 09:00:15 [notice] 1#1: start worker process 32
2025/11/03 09:00:15 [notice] 1#1: start worker process 33
2025/11/03 09:00:15 [notice] 1#1: start worker process 34
2025/11/03 09:00:15 [notice] 1#1: start worker process 35
2025/11/03 09:00:15 [notice] 1#1: start worker process 36
2025/11/03 10:34:45 [notice] 1#1: signal 3 (SIGQUIT) received, shutting down
2025/11/03 10:34:45 [notice] 31#31: gracefully shutting down
2025/11/03 10:34:45 [notice] 33#33: gracefully shutting down
2025/11/03 10:34:45 [notice] 30#30: gracefully shutting down
2025/11/03 10:34:45 [notice] 32#32: gracefully shutting down
2025/11/03 10:34:45 [notice] 29#29: gracefully shutting down
2025/11/03 10:34:45 [notice] 36#36: gracefully shutting down
2025/11/03 10:34:45 [notice] 35#35: gracefully shutting down
2025/11/03 10:34:45 [notice] 34#34: gracefully shutting down
2025/11/03 10:34:45 [notice] 31#31: exiting
2025/11/03 10:34:45 [notice] 35#35: exiting
2025/11/03 10:34:45 [notice] 33#33: exiting
2025/11/03 10:34:45 [notice] 30#30: exiting
2025/11/03 10:34:45 [notice] 31#31: exit
2025/11/03 10:34:45 [notice] 29#29: exiting
2025/11/03 10:34:45 [notice] 32#32: exiting
2025/11/03 10:34:45 [notice] 36#36: exiting
2025/11/03 10:34:45 [notice] 34#34: exiting
2025/11/03 10:34:45 [notice] 33#33: exit
2025/11/03 10:34:45 [notice] 34#34: exit
2025/11/03 10:34:45 [notice] 35#35: exit
2025/11/03 10:34:45 [notice] 30#30: exit
2025/11/03 10:34:45 [notice] 29#29: exit
2025/11/03 10:34:45 [notice] 36#36: exit
2025/11/03 10:34:45 [notice] 32#32: exit
2025/11/03 10:34:45 [notice] 1#1: signal 17 (SIGCHLD) received from 29
2025/11/03 10:34:45 [notice] 1#1: worker process 29 exited with code 0
2025/11/03 10:34:45 [notice] 1#1: worker process 30 exited with code 0
2025/11/03 10:34:45 [notice] 1#1: worker process 31 exited with code 0
2025/11/03 10:34:45 [notice] 1#1: worker process 33 exited with code 0
2025/11/03 10:34:45 [notice] 1#1: worker process 34 exited with code 0
2025/11/03 10:34:45 [notice] 1#1: worker process 35 exited with code 0
2025/11/03 10:34:45 [notice] 1#1: signal 29 (SIGIO) received
2025/11/03 10:34:45 [notice] 1#1: signal 17 (SIGCHLD) received from 33
2025/11/03 10:34:45 [notice] 1#1: signal 17 (SIGCHLD) received from 36
2025/11/03 10:34:45 [notice] 1#1: worker process 36 exited with code 0
2025/11/03 10:34:45 [notice] 1#1: signal 29 (SIGIO) received
2025/11/03 10:34:45 [notice] 1#1: signal 17 (SIGCHLD) received from 32
2025/11/03 10:34:45 [notice] 1#1: worker process 32 exited with code 0
2025/11/03 10:34:45 [notice] 1#1: exit
2025/11/04 10:43:39 [notice] 1#1: using the "epoll" event method
2025/11/04 10:43:39 [notice] 1#1: nginx/1.26.3
2025/11/04 10:43:39 [notice] 1#1: built by gcc 13.2.1 20240309 (Alpine 13.2.1_git20240309) 
2025/11/04 10:43:39 [notice] 1#1: OS: Linux 6.10.14-linuxkit
2025/11/04 10:43:39 [notice] 1#1: getrlimit(RLIMIT_NOFILE): 1048576:1048576
2025/11/04 10:43:39 [notice] 1#1: start worker processes
2025/11/04 10:43:39 [notice] 1#1: start worker process 29
2025/11/04 10:43:39 [notice] 1#1: start worker process 30
2025/11/04 10:43:39 [notice] 1#1: start worker process 31
2025/11/04 10:43:39 [notice] 1#1: start worker process 32
2025/11/04 10:43:39 [notice] 1#1: start worker process 33
2025/11/04 10:43:39 [notice] 1#1: start worker process 34
2025/11/04 10:43:39 [notice] 1#1: start worker process 35
2025/11/04 10:43:39 [notice] 1#1: start worker process 36
2025/11/04 13:30:51 [notice] 1#1: signal 3 (SIGQUIT) received, shutting down
2025/11/04 13:30:51 [notice] 30#30: gracefully shutting down
2025/11/04 13:30:51 [notice] 31#31: gracefully shutting down
2025/11/04 13:30:51 [notice] 32#32: gracefully shutting down
2025/11/04 13:30:51 [notice] 34#34: gracefully shutting down
2025/11/04 13:30:51 [notice] 33#33: gracefully shutting down
2025/11/04 13:30:51 [notice] 36#36: gracefully shutting down
2025/11/04 13:30:51 [notice] 29#29: gracefully shutting down
2025/11/04 13:30:51 [notice] 35#35: gracefully shutting down
2025/11/04 13:30:51 [notice] 30#30: exiting
2025/11/04 13:30:51 [notice] 32#32: exiting
2025/11/04 13:30:51 [notice] 31#31: exiting
2025/11/04 13:30:51 [notice] 34#34: exiting
2025/11/04 13:30:51 [notice] 33#33: exiting
2025/11/04 13:30:51 [notice] 31#31: exit
2025/11/04 13:30:51 [notice] 36#36: exiting
2025/11/04 13:30:51 [notice] 29#29: exiting
2025/11/04 13:30:51 [notice] 33#33: exit
2025/11/04 13:30:51 [notice] 35#35: exiting
2025/11/04 13:30:51 [notice] 30#30: exit
2025/11/04 13:30:51 [notice] 32#32: exit
2025/11/04 13:30:51 [notice] 34#34: exit
2025/11/04 13:30:51 [notice] 36#36: exit
2025/11/04 13:30:51 [notice] 29#29: exit
2025/11/04 13:30:51 [notice] 35#35: exit
2025/11/04 13:30:51 [notice] 1#1: signal 17 (SIGCHLD) received from 29
2025/11/04 13:30:51 [notice] 1#1: worker process 29 exited with code 0
2025/11/04 13:30:51 [notice] 1#1: signal 29 (SIGIO) received
2025/11/04 13:30:51 [notice] 1#1: signal 17 (SIGCHLD) received from 32
2025/11/04 13:30:51 [notice] 1#1: worker process 30 exited with code 0
2025/11/04 13:30:51 [notice] 1#1: worker process 31 exited with code 0
2025/11/04 13:30:51 [notice] 1#1: worker process 32 exited with code 0
2025/11/04 13:30:51 [notice] 1#1: worker process 33 exited with code 0
2025/11/04 13:30:51 [notice] 1#1: worker process 34 exited with code 0
2025/11/04 13:30:51 [notice] 1#1: worker process 35 exited with code 0
2025/11/04 13:30:51 [notice] 1#1: worker process 36 exited with code 0
2025/11/04 13:30:51 [notice] 1#1: exit
2025/11/04 13:31:16 [notice] 1#1: using the "epoll" event method
2025/11/04 13:31:16 [notice] 1#1: nginx/1.26.3
2025/11/04 13:31:16 [notice] 1#1: built by gcc 13.2.1 20240309 (Alpine 13.2.1_git20240309) 
2025/11/04 13:31:16 [notice] 1#1: OS: Linux 6.10.14-linuxkit
2025/11/04 13:31:16 [notice] 1#1: getrlimit(RLIMIT_NOFILE): 1048576:1048576
2025/11/04 13:31:16 [notice] 1#1: start worker processes
2025/11/04 13:31:16 [notice] 1#1: start worker process 28
2025/11/04 13:31:16 [notice] 1#1: start worker process 29
2025/11/04 13:31:16 [notice] 1#1: start worker process 30
2025/11/04 13:31:16 [notice] 1#1: start worker process 31
2025/11/04 13:31:16 [notice] 1#1: start worker process 32
2025/11/04 13:31:16 [notice] 1#1: start worker process 33
2025/11/04 13:31:16 [notice] 1#1: start worker process 34
2025/11/04 13:31:16 [notice] 1#1: start worker process 35
2025/11/04 13:33:07 [notice] 1#1: signal 3 (SIGQUIT) received, shutting down
2025/11/04 13:33:07 [notice] 28#28: gracefully shutting down
2025/11/04 13:33:07 [notice] 34#34: gracefully shutting down
2025/11/04 13:33:07 [notice] 30#30: gracefully shutting down
2025/11/04 13:33:07 [notice] 32#32: gracefully shutting down
2025/11/04 13:33:07 [notice] 33#33: gracefully shutting down
2025/11/04 13:33:07 [notice] 29#29: gracefully shutting down
2025/11/04 13:33:07 [notice] 31#31: gracefully shutting down
2025/11/04 13:33:07 [notice] 35#35: gracefully shutting down
2025/11/04 13:33:07 [notice] 34#34: exiting
2025/11/04 13:33:07 [notice] 28#28: exiting
2025/11/04 13:33:07 [notice] 30#30: exiting
2025/11/04 13:33:07 [notice] 35#35: exiting
2025/11/04 13:33:07 [notice] 32#32: exiting
2025/11/04 13:33:07 [notice] 33#33: exiting
2025/11/04 13:33:07 [notice] 29#29: exiting
2025/11/04 13:33:07 [notice] 31#31: exiting
2025/11/04 13:33:07 [notice] 28#28: exit
2025/11/04 13:33:07 [notice] 34#34: exit
2025/11/04 13:33:07 [notice] 30#30: exit
2025/11/04 13:33:07 [notice] 35#35: exit
2025/11/04 13:33:07 [notice] 32#32: exit
2025/11/04 13:33:07 [notice] 33#33: exit
2025/11/04 13:33:07 [notice] 29#29: exit
2025/11/04 13:33:07 [notice] 31#31: exit
2025/11/04 13:33:07 [notice] 1#1: signal 17 (SIGCHLD) received from 28
2025/11/04 13:33:07 [notice] 1#1: worker process 28 exited with code 0
2025/11/04 13:33:07 [notice] 1#1: worker process 34 exited with code 0
2025/11/04 13:33:07 [notice] 1#1: signal 29 (SIGIO) received
2025/11/04 13:33:07 [notice] 1#1: signal 17 (SIGCHLD) received from 35
2025/11/04 13:33:07 [notice] 1#1: worker process 29 exited with code 0
2025/11/04 13:33:07 [notice] 1#1: worker process 30 exited with code 0
2025/11/04 13:33:07 [notice] 1#1: worker process 31 exited with code 0
2025/11/04 13:33:07 [notice] 1#1: worker process 32 exited with code 0
2025/11/04 13:33:07 [notice] 1#1: worker process 33 exited with code 0
2025/11/04 13:33:07 [notice] 1#1: worker process 35 exited with code 0
2025/11/04 13:33:07 [notice] 1#1: exit
2025/11/04 13:33:21 [notice] 1#1: using the "epoll" event method
2025/11/04 13:33:21 [notice] 1#1: nginx/1.26.3
2025/11/04 13:33:21 [notice] 1#1: built by gcc 13.2.1 20240309 (Alpine 13.2.1_git20240309) 
2025/11/04 13:33:21 [notice] 1#1: OS: Linux 6.10.14-linuxkit
2025/11/04 13:33:21 [notice] 1#1: getrlimit(RLIMIT_NOFILE): 1048576:1048576
2025/11/04 13:33:21 [notice] 1#1: start worker processes
2025/11/04 13:33:21 [notice] 1#1: start worker process 29
2025/11/04 13:33:21 [notice] 1#1: start worker process 30
2025/11/04 13:33:21 [notice] 1#1: start worker process 31
2025/11/04 13:33:21 [notice] 1#1: start worker process 32
2025/11/04 13:33:21 [notice] 1#1: start worker process 33
2025/11/04 13:33:21 [notice] 1#1: start worker process 34
2025/11/04 13:33:21 [notice] 1#1: start worker process 35
2025/11/04 13:33:21 [notice] 1#1: start worker process 36
2025/11/05 06:30:37 [notice] 1#1: using the "epoll" event method
2025/11/05 06:30:37 [notice] 1#1: nginx/1.28.0
2025/11/05 06:30:37 [notice] 1#1: built by gcc 14.2.0 (Alpine 14.2.0) 
2025/11/05 06:30:37 [notice] 1#1: OS: Linux 6.14.0-34-generic
2025/11/05 06:30:37 [notice] 1#1: getrlimit(RLIMIT_NOFILE): 1073741816:1073741816
2025/11/05 06:30:37 [notice] 1#1: start worker processes
2025/11/05 06:30:37 [notice] 1#1: start worker process 28
2025/11/05 06:30:37 [notice] 1#1: start worker process 29
2025/11/05 06:30:37 [notice] 1#1: start worker process 30
2025/11/05 06:30:37 [notice] 1#1: start worker process 31
2025/11/05 06:30:37 [notice] 1#1: start worker process 32
2025/11/05 06:30:37 [notice] 1#1: start worker process 33
2025/11/05 06:30:37 [notice] 1#1: start worker process 34
2025/11/05 06:30:37 [notice] 1#1: start worker process 35
2025/11/05 06:30:37 [notice] 1#1: start worker process 36
2025/11/05 06:30:37 [notice] 1#1: start worker process 37
2025/11/05 06:30:37 [notice] 1#1: start worker process 38
2025/11/05 06:30:37 [notice] 1#1: start worker process 39
2025/11/05 13:58:17 [notice] 1#1: signal 3 (SIGQUIT) received, shutting down
2025/11/05 13:58:17 [notice] 34#34: gracefully shutting down
2025/11/05 13:58:17 [notice] 34#34: exiting
2025/11/05 13:58:17 [notice] 28#28: gracefully shutting down
2025/11/05 13:58:17 [notice] 28#28: exiting
2025/11/05 13:58:17 [notice] 28#28: exit
2025/11/05 13:58:17 [notice] 29#29: gracefully shutting down
2025/11/05 13:58:17 [notice] 29#29: exiting
2025/11/05 13:58:17 [notice] 30#30: gracefully shutting down
2025/11/05 13:58:17 [notice] 30#30: exiting
2025/11/05 13:58:17 [notice] 31#31: gracefully shutting down
2025/11/05 13:58:17 [notice] 31#31: exiting
2025/11/05 13:58:17 [notice] 29#29: exit
2025/11/05 13:58:17 [notice] 30#30: exit
2025/11/05 13:58:17 [notice] 31#31: exit
2025/11/05 13:58:17 [notice] 32#32: gracefully shutting down
2025/11/05 13:58:17 [notice] 32#32: exiting
2025/11/05 13:58:17 [notice] 32#32: exit
2025/11/05 13:58:17 [notice] 39#39: gracefully shutting down
2025/11/05 13:58:17 [notice] 39#39: exiting
2025/11/05 13:58:17 [notice] 39#39: exit
2025/11/05 13:58:17 [notice] 33#33: gracefully shutting down
2025/11/05 13:58:17 [notice] 33#33: exiting
2025/11/05 13:58:17 [notice] 33#33: exit
2025/11/05 13:58:17 [notice] 35#35: gracefully shutting down
2025/11/05 13:58:17 [notice] 35#35: exiting
2025/11/05 13:58:17 [notice] 35#35: exit
2025/11/05 13:58:17 [notice] 37#37: gracefully shutting down
2025/11/05 13:58:17 [notice] 38#38: gracefully shutting down
2025/11/05 13:58:17 [notice] 38#38: exiting
2025/11/05 13:58:17 [notice] 37#37: exiting
2025/11/05 13:58:17 [notice] 38#38: exit
2025/11/05 13:58:17 [notice] 37#37: exit
2025/11/05 13:58:17 [notice] 36#36: gracefully shutting down
2025/11/05 13:58:17 [notice] 36#36: exiting
2025/11/05 13:58:17 [notice] 36#36: exit
2025/11/05 13:58:17 [notice] 34#34: exit
2025/11/05 13:58:17 [notice] 1#1: signal 17 (SIGCHLD) received from 29
2025/11/05 13:58:17 [notice] 1#1: worker process 29 exited with code 0
2025/11/05 13:58:17 [notice] 1#1: signal 29 (SIGIO) received
2025/11/05 13:58:17 [notice] 1#1: signal 17 (SIGCHLD) received from 30
2025/11/05 13:58:17 [notice] 1#1: worker process 30 exited with code 0
2025/11/05 13:58:17 [notice] 1#1: worker process 32 exited with code 0
2025/11/05 13:58:17 [notice] 1#1: worker process 28 exited with code 0
2025/11/05 13:58:17 [notice] 1#1: signal 29 (SIGIO) received
2025/11/05 13:58:17 [notice] 1#1: signal 17 (SIGCHLD) received from 28
2025/11/05 13:58:17 [notice] 1#1: signal 17 (SIGCHLD) received from 31
2025/11/05 13:58:17 [notice] 1#1: worker process 31 exited with code 0
2025/11/05 13:58:17 [notice] 1#1: worker process 33 exited with code 0
2025/11/05 13:58:17 [notice] 1#1: signal 29 (SIGIO) received
2025/11/05 13:58:17 [notice] 1#1: signal 17 (SIGCHLD) received from 35
2025/11/05 13:58:17 [notice] 1#1: worker process 35 exited with code 0
2025/11/05 13:58:17 [notice] 1#1: worker process 36 exited with code 0
2025/11/05 13:58:17 [notice] 1#1: worker process 37 exited with code 0
2025/11/05 13:58:17 [notice] 1#1: worker process 38 exited with code 0
2025/11/05 13:58:17 [notice] 1#1: signal 29 (SIGIO) received
2025/11/05 13:58:17 [notice] 1#1: signal 17 (SIGCHLD) received from 39
2025/11/05 13:58:17 [notice] 1#1: worker process 39 exited with code 0
2025/11/05 13:58:17 [notice] 1#1: signal 29 (SIGIO) received
2025/11/05 13:58:17 [notice] 1#1: signal 17 (SIGCHLD) received from 34
2025/11/05 13:58:17 [notice] 1#1: worker process 34 exited with code 0
2025/11/05 13:58:17 [notice] 1#1: exit
2025/11/06 05:51:49 [notice] 1#1: using the "epoll" event method
2025/11/06 05:51:49 [notice] 1#1: nginx/1.28.0
2025/11/06 05:51:49 [notice] 1#1: built by gcc 14.2.0 (Alpine 14.2.0) 
2025/11/06 05:51:49 [notice] 1#1: OS: Linux 6.14.0-34-generic
2025/11/06 05:51:49 [notice] 1#1: getrlimit(RLIMIT_NOFILE): 1073741816:1073741816
2025/11/06 05:51:49 [notice] 1#1: start worker processes
2025/11/06 05:51:49 [notice] 1#1: start worker process 29
2025/11/06 05:51:49 [notice] 1#1: start worker process 30
2025/11/06 05:51:49 [notice] 1#1: start worker process 31
2025/11/06 05:51:49 [notice] 1#1: start worker process 32
2025/11/06 05:51:49 [notice] 1#1: start worker process 33
2025/11/06 05:51:49 [notice] 1#1: start worker process 34
2025/11/06 05:51:49 [notice] 1#1: start worker process 35
2025/11/06 05:51:49 [notice] 1#1: start worker process 36
2025/11/06 05:51:49 [notice] 1#1: start worker process 37
2025/11/06 05:51:49 [notice] 1#1: start worker process 38
2025/11/06 05:51:49 [notice] 1#1: start worker process 39
2025/11/06 05:51:49 [notice] 1#1: start worker process 40
